TN:
SF:src/collection.ts
FN:16,(anonymous_0)
FN:23,(anonymous_1)
FN:32,(anonymous_2)
FN:34,(anonymous_3)
FN:51,(anonymous_4)
FN:53,(anonymous_5)
FN:68,(anonymous_6)
FN:80,(anonymous_7)
FN:83,(anonymous_8)
FN:84,(anonymous_9)
FN:114,(anonymous_10)
FN:116,(anonymous_11)
FN:146,(anonymous_12)
FNF:13
FNH:6
FNDA:1,(anonymous_0)
FNDA:4,(anonymous_1)
FNDA:1,(anonymous_2)
FNDA:1,(anonymous_3)
FNDA:1,(anonymous_4)
FNDA:0,(anonymous_5)
FNDA:1,(anonymous_6)
FNDA:0,(anonymous_7)
FNDA:0,(anonymous_8)
FNDA:0,(anonymous_9)
FNDA:0,(anonymous_10)
FNDA:0,(anonymous_11)
FNDA:0,(anonymous_12)
DA:1,1
DA:2,1
DA:5,1
DA:10,1
DA:16,1
DA:24,4
DA:33,1
DA:34,1
DA:35,1
DA:36,0
DA:40,0
DA:52,1
DA:53,0
DA:54,0
DA:55,0
DA:59,1
DA:69,1
DA:70,0
DA:71,0
DA:73,1
DA:81,0
DA:82,0
DA:83,0
DA:84,0
DA:85,0
DA:86,0
DA:87,0
DA:89,0
DA:90,0
DA:92,0
DA:93,0
DA:95,0
DA:96,0
DA:98,0
DA:99,0
DA:101,0
DA:104,0
DA:115,0
DA:116,0
DA:117,0
DA:118,0
DA:119,0
DA:121,0
DA:122,0
DA:124,0
DA:125,0
DA:127,0
DA:128,0
DA:130,0
DA:131,0
DA:133,0
DA:138,0
DA:147,0
LF:53
LH:13
BRDA:24,0,0,0
BRDA:24,0,1,4
BRDA:33,1,0,1
BRDA:33,1,1,0
BRDA:35,2,0,0
BRDA:35,2,1,1
BRDA:52,3,0,0
BRDA:52,3,1,1
BRDA:54,4,0,0
BRDA:54,4,1,0
BRDA:69,5,0,0
BRDA:69,5,1,1
BRDA:81,6,0,0
BRDA:81,6,1,0
BRDA:85,7,0,0
BRDA:85,7,1,0
BRDA:88,8,0,0
BRDA:88,8,1,0
BRDA:88,8,2,0
BRDA:88,8,3,0
BRDA:88,8,4,0
BRDA:115,9,0,0
BRDA:115,9,1,0
BRDA:117,10,0,0
BRDA:117,10,1,0
BRDA:120,11,0,0
BRDA:120,11,1,0
BRDA:120,11,2,0
BRDA:120,11,3,0
BRDA:120,11,4,0
BRF:30
BRH:5
end_of_record
TN:
SF:src/note.ts
FN:14,(anonymous_0)
FN:19,(anonymous_1)
FN:42,(anonymous_2)
FN:50,(anonymous_3)
FN:58,(anonymous_4)
FN:66,(anonymous_5)
FNF:6
FNH:5
FNDA:4,(anonymous_0)
FNDA:0,(anonymous_1)
FNDA:6,(anonymous_2)
FNDA:1,(anonymous_3)
FNDA:1,(anonymous_4)
FNDA:1,(anonymous_5)
DA:1,1
DA:6,1
DA:14,4
DA:20,0
DA:22,0
DA:23,0
DA:25,0
DA:26,0
DA:28,0
DA:29,0
DA:31,0
DA:32,0
DA:34,0
DA:43,6
DA:51,1
DA:59,1
DA:67,1
LF:17
LH:7
BRDA:21,0,0,0
BRDA:21,0,1,0
BRDA:21,0,2,0
BRDA:21,0,3,0
BRDA:21,0,4,0
BRF:5
BRH:0
end_of_record
